<?xml version="1.0" encoding="UTF-8"?>
<!-- Generated by org.testng.reporters.JUnitXMLReporter -->
<testsuite ignored="1" hostname="Dell210221" failures="5" tests="27" name="Sample testsuite package" time="0.078" errors="0" timestamp="2023-12-19T15:06:06 GMT">
  <testcase classname="com.testing.training.AssertionExample" name="testFive" time="0.001"/>
  <testcase classname="com.testing.training.AssertionExample" name="testFour" time="0.006">
    <failure type="java.lang.AssertionError" message="Making this fail as it should expect false expected [false] but found [true]">
      <![CDATA[java.lang.AssertionError: Making this fail as it should expect false expected [false] but found [true]
at com.testing.training.AssertionExample.testFour(AssertionExample.java:29)
at java.base/java.util.ArrayList.forEach(ArrayList.java:1511)
... Removed 30 stack frames]]>
    </failure>
  </testcase> <!-- testFour -->
  <testcase classname="com.testing.training.AssertionExample" name="testOne" time="0.001"/>
  <testcase classname="com.testing.training.AssertionExample" name="testThree" time="0.001"/>
  <testcase classname="com.testing.training.AssertionExample" name="testTwo" time="0.001">
    <failure type="java.lang.AssertionError" message="expected [200] but found [404]">
      <![CDATA[java.lang.AssertionError: expected [200] but found [404]
at com.testing.training.AssertionExample.testTwo(AssertionExample.java:18)
at java.base/java.util.ArrayList.forEach(ArrayList.java:1511)
... Removed 33 stack frames]]>
    </failure>
  </testcase> <!-- testTwo -->
  <testcase classname="com.testing.training.AssertionExample" name="testsix" time="0.0"/>
  <testcase classname="com.testing.training.MultiTestDependency" name="start" time="0.0">
    <failure type="java.lang.AssertionError" message="expected [Paul] but found [John]">
      <![CDATA[java.lang.AssertionError: expected [Paul] but found [John]
at com.testing.training.MultiTestDependency.start(MultiTestDependency.java:10)
at java.base/java.util.ArrayList.forEach(ArrayList.java:1511)
... Removed 33 stack frames]]>
    </failure>
  </testcase> <!-- start -->
  <testcase classname="com.testing.training.MultiTestDependency" name="init" time="0.001">
    <skipped/>
  </testcase> <!-- init -->
  <testcase classname="com.testing.training.MultiTestDependency" name="process" time="0.0">
    <skipped/>
  </testcase> <!-- process -->
  <testcase classname="com.testing.training.MultiTestDependency" name="stopping" time="0.0">
    <skipped/>
  </testcase> <!-- stopping -->
  <testcase classname="com.testing.training.PriorityExample" name="testOne" time="0.001"/>
  <testcase classname="com.testing.training.PriorityExample" name="testTwo" time="0.001"/>
  <testcase classname="com.testing.training.PriorityExample" name="testThree" time="0.001"/>
  <testcase classname="com.testing.training.PriorityExample" name="testFour" time="0.001"/>
  <testcase classname="com.testing.training.SampleClassOne" name="sampleTestOneMethodOne" time="0.001"/>
  <testcase classname="com.testing.training.SampleClassOne" name="sampleTestOneMethodTwo" time="0.001"/>
  <testcase classname="com.testing.training.SampleClassTwo" name="sampleTestTwoMethodOne" time="0.001"/>
  <testcase classname="com.testing.training.SampleClassTwo" name="sampleTestTwoMethodTwo" time="0.001"/>
  <testcase classname="com.testing.training.SkippingExample" name="testFour" time="0.001"/>
  <testcase classname="com.testing.training.SkippingExample" name="testThree" time="0.001"/>
  <testcase classname="com.testing.training.SkippingExample" name="testTwo" time="0.001">
    <skipped/>
  </testcase> <!-- testTwo -->
  <testcase classname="com.testing.training.TestCaseGrouping" name="testCaseFour" time="0.0"/>
  <testcase classname="com.testing.training.TestCaseGrouping" name="testCaseOne" time="0.0"/>
  <testcase classname="com.testing.training.TestCaseGrouping" name="testCaseThree" time="0.001"/>
  <testcase classname="com.testing.training.TestCaseGrouping" name="testCaseTwo" time="0.0"/>
  <testcase classname="com.testing.training.TestParameters" name="testCaseOne" time="0.0">
    <failure type="org.testng.TestNGException" message="
Parameter &amp;apos;browser&amp;apos; is required by @Test on method testCaseOne but has not been marked @Optional or defined
in C:\Users\vick\eclipse-workspace\MyTestNGProject\testng.xml">
      <![CDATA[org.testng.TestNGException: 
Parameter 'browser' is required by @Test on method testCaseOne but has not been marked @Optional or defined
in C:\Users\vick\eclipse-workspace\MyTestNGProject\testng.xml
at java.base/java.util.ArrayList.forEach(ArrayList.java:1511)
... Removed 26 stack frames]]>
    </failure>
  </testcase> <!-- testCaseOne -->
  <testcase classname="com.testing.training.TestParameters" name="testCaseTwo" time="0.0">
    <failure type="org.testng.TestNGException" message="
Parameter &amp;apos;username&amp;apos; is required by @Test on method testCaseTwo but has not been marked @Optional or defined
in C:\Users\vick\eclipse-workspace\MyTestNGProject\testng.xml">
      <![CDATA[org.testng.TestNGException: 
Parameter 'username' is required by @Test on method testCaseTwo but has not been marked @Optional or defined
in C:\Users\vick\eclipse-workspace\MyTestNGProject\testng.xml
at java.base/java.util.ArrayList.forEach(ArrayList.java:1511)
... Removed 26 stack frames]]>
    </failure>
  </testcase> <!-- testCaseTwo -->
  <testcase classname="com.testing.training.SkippingExample" name="testOne" time="0.0">
    <ignored/>
  </testcase> <!-- testOne -->
</testsuite> <!-- Sample testsuite package -->
